{"D:\\Make-It-Real\\Assetsment-backend\\src\\app.ts": {"path":"D:\\Make-It-Real\\Assetsment-backend\\src\\app.ts","statementMap":{"0":{"start":{"line":8,"column":12},"end":{"line":8,"column":21}},"1":{"start":{"line":9,"column":0},"end":{"line":9,"column":15}},"2":{"start":{"line":10,"column":0},"end":{"line":10,"column":23}},"3":{"start":{"line":11,"column":0},"end":{"line":11,"column":15}},"4":{"start":{"line":13,"column":0},"end":{"line":13,"column":28}},"5":{"start":{"line":14,"column":0},"end":{"line":14,"column":32}},"6":{"start":{"line":15,"column":0},"end":{"line":15,"column":32}}},"fnMap":{},"branchMap":{},"s":{"0":3,"1":3,"2":3,"3":3,"4":3,"5":3,"6":3},"f":{},"b":{},"_coverageSchema":"1a1c01bbd47fc00a2c39e90264f33305004495a9","hash":"688200fa0a421766ef52d0de55f99c86a96c8b21"}
,"D:\\Make-It-Real\\Assetsment-backend\\src\\db.ts": {"path":"D:\\Make-It-Real\\Assetsment-backend\\src\\db.ts","statementMap":{"0":{"start":{"line":6,"column":2},"end":{"line":6,"column":24}},"1":{"start":{"line":6,"column":18},"end":{"line":6,"column":24}},"2":{"start":{"line":7,"column":14},"end":{"line":7,"column":122}},"3":{"start":{"line":9,"column":2},"end":{"line":9,"column":34}},"4":{"start":{"line":11,"column":2},"end":{"line":13,"column":3}},"5":{"start":{"line":12,"column":4},"end":{"line":12,"column":54}},"6":{"start":{"line":14,"column":2},"end":{"line":14,"column":78}},"7":{"start":{"line":14,"column":38},"end":{"line":14,"column":77}},"8":{"start":{"line":15,"column":2},"end":{"line":15,"column":80}},"9":{"start":{"line":15,"column":39},"end":{"line":15,"column":79}},"10":{"start":{"line":17,"column":2},"end":{"line":17,"column":29}},"11":{"start":{"line":21,"column":2},"end":{"line":21,"column":25}},"12":{"start":{"line":21,"column":19},"end":{"line":21,"column":25}},"13":{"start":{"line":22,"column":2},"end":{"line":22,"column":29}},"14":{"start":{"line":26,"column":2},"end":{"line":26,"column":25}},"15":{"start":{"line":26,"column":19},"end":{"line":26,"column":25}},"16":{"start":{"line":27,"column":2},"end":{"line":29,"column":3}},"17":{"start":{"line":28,"column":4},"end":{"line":28,"column":59}}},"fnMap":{"0":{"name":"connectDb","decl":{"start":{"line":5,"column":22},"end":{"line":5,"column":31}},"loc":{"start":{"line":5,"column":50},"end":{"line":18,"column":1}},"line":5},"1":{"name":"(anonymous_1)","decl":{"start":{"line":11,"column":26},"end":{"line":11,"column":27}},"loc":{"start":{"line":12,"column":4},"end":{"line":12,"column":54}},"line":12},"2":{"name":"(anonymous_2)","decl":{"start":{"line":14,"column":32},"end":{"line":14,"column":33}},"loc":{"start":{"line":14,"column":38},"end":{"line":14,"column":77}},"line":14},"3":{"name":"(anonymous_3)","decl":{"start":{"line":15,"column":25},"end":{"line":15,"column":26}},"loc":{"start":{"line":15,"column":39},"end":{"line":15,"column":79}},"line":15},"4":{"name":"disconnected","decl":{"start":{"line":20,"column":22},"end":{"line":20,"column":34}},"loc":{"start":{"line":20,"column":53},"end":{"line":23,"column":1}},"line":20},"5":{"name":"cleanup","decl":{"start":{"line":25,"column":22},"end":{"line":25,"column":29}},"loc":{"start":{"line":25,"column":48},"end":{"line":30,"column":1}},"line":25}},"branchMap":{"0":{"loc":{"start":{"line":6,"column":2},"end":{"line":6,"column":24}},"type":"if","locations":[{"start":{"line":6,"column":2},"end":{"line":6,"column":24}},{"start":{},"end":{}}],"line":6},"1":{"loc":{"start":{"line":7,"column":14},"end":{"line":7,"column":122}},"type":"binary-expr","locations":[{"start":{"line":7,"column":14},"end":{"line":7,"column":49}},{"start":{"line":7,"column":53},"end":{"line":7,"column":122}}],"line":7},"2":{"loc":{"start":{"line":21,"column":2},"end":{"line":21,"column":25}},"type":"if","locations":[{"start":{"line":21,"column":2},"end":{"line":21,"column":25}},{"start":{},"end":{}}],"line":21},"3":{"loc":{"start":{"line":26,"column":2},"end":{"line":26,"column":25}},"type":"if","locations":[{"start":{"line":26,"column":2},"end":{"line":26,"column":25}},{"start":{},"end":{}}],"line":26}},"s":{"0":3,"1":0,"2":3,"3":3,"4":3,"5":3,"6":3,"7":3,"8":3,"9":0,"10":3,"11":3,"12":0,"13":3,"14":25,"15":0,"16":25,"17":75},"f":{"0":3,"1":3,"2":3,"3":0,"4":3,"5":25},"b":{"0":[0,3],"1":[3,0],"2":[0,3],"3":[0,25]},"_coverageSchema":"1a1c01bbd47fc00a2c39e90264f33305004495a9","hash":"d80ee09dac46d953c967a056eed027477622415b"}
,"D:\\Make-It-Real\\Assetsment-backend\\src\\controllers\\favs.controller.ts": {"path":"D:\\Make-It-Real\\Assetsment-backend\\src\\controllers\\favs.controller.ts","statementMap":{"0":{"start":{"line":8,"column":30},"end":{"line":45,"column":1}},"1":{"start":{"line":9,"column":2},"end":{"line":44,"column":3}},"2":{"start":{"line":10,"column":25},"end":{"line":10,"column":28}},"3":{"start":{"line":11,"column":53},"end":{"line":11,"column":61}},"4":{"start":{"line":12,"column":19},"end":{"line":12,"column":80}},"5":{"start":{"line":15,"column":35},"end":{"line":15,"column":59}},"6":{"start":{"line":16,"column":4},"end":{"line":18,"column":5}},"7":{"start":{"line":17,"column":6},"end":{"line":17,"column":37}},"8":{"start":{"line":21,"column":35},"end":{"line":21,"column":69}},"9":{"start":{"line":22,"column":4},"end":{"line":24,"column":5}},"10":{"start":{"line":23,"column":6},"end":{"line":23,"column":37}},"11":{"start":{"line":27,"column":27},"end":{"line":27,"column":52}},"12":{"start":{"line":29,"column":4},"end":{"line":31,"column":5}},"13":{"start":{"line":33,"column":4},"end":{"line":37,"column":6}},"14":{"start":{"line":39,"column":4},"end":{"line":43,"column":6}},"15":{"start":{"line":47,"column":30},"end":{"line":77,"column":1}},"16":{"start":{"line":48,"column":2},"end":{"line":76,"column":3}},"17":{"start":{"line":49,"column":25},"end":{"line":49,"column":28}},"18":{"start":{"line":50,"column":28},"end":{"line":50,"column":38}},"19":{"start":{"line":52,"column":35},"end":{"line":52,"column":59}},"20":{"start":{"line":53,"column":4},"end":{"line":55,"column":5}},"21":{"start":{"line":54,"column":6},"end":{"line":54,"column":37}},"22":{"start":{"line":57,"column":35},"end":{"line":58,"column":48}},"23":{"start":{"line":60,"column":4},"end":{"line":62,"column":5}},"24":{"start":{"line":61,"column":6},"end":{"line":61,"column":37}},"25":{"start":{"line":64,"column":30},"end":{"line":64,"column":39}},"26":{"start":{"line":65,"column":4},"end":{"line":69,"column":6}},"27":{"start":{"line":71,"column":4},"end":{"line":75,"column":6}},"28":{"start":{"line":79,"column":27},"end":{"line":116,"column":1}},"29":{"start":{"line":80,"column":2},"end":{"line":115,"column":3}},"30":{"start":{"line":81,"column":25},"end":{"line":81,"column":28}},"31":{"start":{"line":82,"column":19},"end":{"line":82,"column":29}},"32":{"start":{"line":83,"column":23},"end":{"line":83,"column":31}},"33":{"start":{"line":85,"column":35},"end":{"line":85,"column":59}},"34":{"start":{"line":86,"column":4},"end":{"line":88,"column":5}},"35":{"start":{"line":87,"column":6},"end":{"line":87,"column":37}},"36":{"start":{"line":90,"column":35},"end":{"line":90,"column":62}},"37":{"start":{"line":91,"column":4},"end":{"line":93,"column":5}},"38":{"start":{"line":92,"column":6},"end":{"line":92,"column":37}},"39":{"start":{"line":95,"column":34},"end":{"line":95,"column":57}},"40":{"start":{"line":96,"column":4},"end":{"line":98,"column":5}},"41":{"start":{"line":97,"column":6},"end":{"line":97,"column":36}},"42":{"start":{"line":100,"column":4},"end":{"line":102,"column":5}},"43":{"start":{"line":101,"column":6},"end":{"line":101,"column":38}},"44":{"start":{"line":104,"column":4},"end":{"line":108,"column":6}},"45":{"start":{"line":110,"column":4},"end":{"line":114,"column":6}},"46":{"start":{"line":118,"column":31},"end":{"line":156,"column":1}},"47":{"start":{"line":119,"column":2},"end":{"line":155,"column":3}},"48":{"start":{"line":120,"column":25},"end":{"line":120,"column":28}},"49":{"start":{"line":121,"column":19},"end":{"line":121,"column":29}},"50":{"start":{"line":122,"column":23},"end":{"line":122,"column":31}},"51":{"start":{"line":124,"column":35},"end":{"line":124,"column":59}},"52":{"start":{"line":125,"column":4},"end":{"line":127,"column":5}},"53":{"start":{"line":126,"column":6},"end":{"line":126,"column":37}},"54":{"start":{"line":129,"column":35},"end":{"line":129,"column":62}},"55":{"start":{"line":130,"column":4},"end":{"line":132,"column":5}},"56":{"start":{"line":131,"column":6},"end":{"line":131,"column":37}},"57":{"start":{"line":134,"column":34},"end":{"line":134,"column":57}},"58":{"start":{"line":135,"column":4},"end":{"line":137,"column":5}},"59":{"start":{"line":136,"column":6},"end":{"line":136,"column":36}},"60":{"start":{"line":139,"column":4},"end":{"line":139,"column":40}},"61":{"start":{"line":140,"column":4},"end":{"line":142,"column":5}},"62":{"start":{"line":144,"column":4},"end":{"line":148,"column":6}},"63":{"start":{"line":150,"column":4},"end":{"line":154,"column":6}}},"fnMap":{"0":{"name":"(anonymous_0)","decl":{"start":{"line":8,"column":30},"end":{"line":8,"column":31}},"loc":{"start":{"line":8,"column":94},"end":{"line":45,"column":1}},"line":8},"1":{"name":"(anonymous_1)","decl":{"start":{"line":47,"column":30},"end":{"line":47,"column":31}},"loc":{"start":{"line":47,"column":94},"end":{"line":77,"column":1}},"line":47},"2":{"name":"(anonymous_2)","decl":{"start":{"line":79,"column":27},"end":{"line":79,"column":28}},"loc":{"start":{"line":79,"column":91},"end":{"line":116,"column":1}},"line":79},"3":{"name":"(anonymous_3)","decl":{"start":{"line":118,"column":31},"end":{"line":118,"column":32}},"loc":{"start":{"line":118,"column":95},"end":{"line":156,"column":1}},"line":118}},"branchMap":{"0":{"loc":{"start":{"line":16,"column":4},"end":{"line":18,"column":5}},"type":"if","locations":[{"start":{"line":16,"column":4},"end":{"line":18,"column":5}},{"start":{},"end":{}}],"line":16},"1":{"loc":{"start":{"line":22,"column":4},"end":{"line":24,"column":5}},"type":"if","locations":[{"start":{"line":22,"column":4},"end":{"line":24,"column":5}},{"start":{},"end":{}}],"line":22},"2":{"loc":{"start":{"line":53,"column":4},"end":{"line":55,"column":5}},"type":"if","locations":[{"start":{"line":53,"column":4},"end":{"line":55,"column":5}},{"start":{},"end":{}}],"line":53},"3":{"loc":{"start":{"line":60,"column":4},"end":{"line":62,"column":5}},"type":"if","locations":[{"start":{"line":60,"column":4},"end":{"line":62,"column":5}},{"start":{},"end":{}}],"line":60},"4":{"loc":{"start":{"line":86,"column":4},"end":{"line":88,"column":5}},"type":"if","locations":[{"start":{"line":86,"column":4},"end":{"line":88,"column":5}},{"start":{},"end":{}}],"line":86},"5":{"loc":{"start":{"line":91,"column":4},"end":{"line":93,"column":5}},"type":"if","locations":[{"start":{"line":91,"column":4},"end":{"line":93,"column":5}},{"start":{},"end":{}}],"line":91},"6":{"loc":{"start":{"line":96,"column":4},"end":{"line":98,"column":5}},"type":"if","locations":[{"start":{"line":96,"column":4},"end":{"line":98,"column":5}},{"start":{},"end":{}}],"line":96},"7":{"loc":{"start":{"line":100,"column":4},"end":{"line":102,"column":5}},"type":"if","locations":[{"start":{"line":100,"column":4},"end":{"line":102,"column":5}},{"start":{},"end":{}}],"line":100},"8":{"loc":{"start":{"line":125,"column":4},"end":{"line":127,"column":5}},"type":"if","locations":[{"start":{"line":125,"column":4},"end":{"line":127,"column":5}},{"start":{},"end":{}}],"line":125},"9":{"loc":{"start":{"line":130,"column":4},"end":{"line":132,"column":5}},"type":"if","locations":[{"start":{"line":130,"column":4},"end":{"line":132,"column":5}},{"start":{},"end":{}}],"line":130},"10":{"loc":{"start":{"line":135,"column":4},"end":{"line":137,"column":5}},"type":"if","locations":[{"start":{"line":135,"column":4},"end":{"line":137,"column":5}},{"start":{},"end":{}}],"line":135}},"s":{"0":3,"1":3,"2":3,"3":3,"4":3,"5":3,"6":3,"7":1,"8":2,"9":2,"10":1,"11":1,"12":1,"13":1,"14":2,"15":3,"16":3,"17":3,"18":3,"19":3,"20":3,"21":1,"22":2,"23":2,"24":1,"25":1,"26":1,"27":2,"28":3,"29":1,"30":1,"31":1,"32":1,"33":1,"34":1,"35":0,"36":1,"37":1,"38":1,"39":0,"40":0,"41":0,"42":0,"43":0,"44":0,"45":1,"46":3,"47":0,"48":0,"49":0,"50":0,"51":0,"52":0,"53":0,"54":0,"55":0,"56":0,"57":0,"58":0,"59":0,"60":0,"61":0,"62":0,"63":0},"f":{"0":3,"1":3,"2":1,"3":0},"b":{"0":[1,2],"1":[1,1],"2":[1,2],"3":[1,1],"4":[0,1],"5":[1,0],"6":[0,0],"7":[0,0],"8":[0,0],"9":[0,0],"10":[0,0]},"_coverageSchema":"1a1c01bbd47fc00a2c39e90264f33305004495a9","hash":"d5682cd6011e19b8d14afb309cdd0595154ca07d"}
,"D:\\Make-It-Real\\Assetsment-backend\\src\\controllers\\list.controller.ts": {"path":"D:\\Make-It-Real\\Assetsment-backend\\src\\controllers\\list.controller.ts","statementMap":{"0":{"start":{"line":8,"column":26},"end":{"line":40,"column":1}},"1":{"start":{"line":9,"column":2},"end":{"line":39,"column":3}},"2":{"start":{"line":10,"column":25},"end":{"line":10,"column":28}},"3":{"start":{"line":11,"column":26},"end":{"line":11,"column":34}},"4":{"start":{"line":12,"column":20},"end":{"line":12,"column":55}},"5":{"start":{"line":15,"column":35},"end":{"line":15,"column":70}},"6":{"start":{"line":17,"column":4},"end":{"line":19,"column":5}},"7":{"start":{"line":18,"column":6},"end":{"line":18,"column":37}},"8":{"start":{"line":22,"column":28},"end":{"line":22,"column":54}},"9":{"start":{"line":24,"column":4},"end":{"line":26,"column":5}},"10":{"start":{"line":28,"column":4},"end":{"line":32,"column":6}},"11":{"start":{"line":34,"column":4},"end":{"line":38,"column":6}},"12":{"start":{"line":42,"column":30},"end":{"line":65,"column":1}},"13":{"start":{"line":43,"column":2},"end":{"line":64,"column":3}},"14":{"start":{"line":44,"column":25},"end":{"line":44,"column":28}},"15":{"start":{"line":45,"column":35},"end":{"line":45,"column":59}},"16":{"start":{"line":47,"column":4},"end":{"line":49,"column":5}},"17":{"start":{"line":48,"column":6},"end":{"line":48,"column":37}},"18":{"start":{"line":51,"column":31},"end":{"line":51,"column":41}},"19":{"start":{"line":53,"column":4},"end":{"line":57,"column":6}},"20":{"start":{"line":59,"column":4},"end":{"line":63,"column":6}},"21":{"start":{"line":67,"column":27},"end":{"line":99,"column":1}},"22":{"start":{"line":68,"column":2},"end":{"line":98,"column":3}},"23":{"start":{"line":69,"column":19},"end":{"line":69,"column":29}},"24":{"start":{"line":70,"column":25},"end":{"line":70,"column":28}},"25":{"start":{"line":71,"column":35},"end":{"line":72,"column":48}},"26":{"start":{"line":73,"column":35},"end":{"line":73,"column":59}},"27":{"start":{"line":75,"column":4},"end":{"line":77,"column":5}},"28":{"start":{"line":76,"column":6},"end":{"line":76,"column":37}},"29":{"start":{"line":79,"column":4},"end":{"line":81,"column":5}},"30":{"start":{"line":80,"column":6},"end":{"line":80,"column":37}},"31":{"start":{"line":83,"column":4},"end":{"line":85,"column":5}},"32":{"start":{"line":84,"column":6},"end":{"line":84,"column":39}},"33":{"start":{"line":87,"column":4},"end":{"line":91,"column":6}},"34":{"start":{"line":93,"column":4},"end":{"line":97,"column":6}},"35":{"start":{"line":101,"column":27},"end":{"line":143,"column":1}},"36":{"start":{"line":102,"column":2},"end":{"line":142,"column":3}},"37":{"start":{"line":103,"column":19},"end":{"line":103,"column":29}},"38":{"start":{"line":104,"column":25},"end":{"line":104,"column":28}},"39":{"start":{"line":105,"column":35},"end":{"line":105,"column":58}},"40":{"start":{"line":106,"column":35},"end":{"line":106,"column":59}},"41":{"start":{"line":108,"column":4},"end":{"line":110,"column":5}},"42":{"start":{"line":109,"column":6},"end":{"line":109,"column":42}},"43":{"start":{"line":112,"column":4},"end":{"line":114,"column":5}},"44":{"start":{"line":113,"column":6},"end":{"line":113,"column":37}},"45":{"start":{"line":116,"column":4},"end":{"line":118,"column":5}},"46":{"start":{"line":117,"column":6},"end":{"line":117,"column":39}},"47":{"start":{"line":120,"column":4},"end":{"line":120,"column":41}},"48":{"start":{"line":121,"column":43},"end":{"line":121,"column":79}},"49":{"start":{"line":123,"column":4},"end":{"line":125,"column":5}},"50":{"start":{"line":124,"column":6},"end":{"line":124,"column":48}},"51":{"start":{"line":127,"column":4},"end":{"line":129,"column":5}},"52":{"start":{"line":131,"column":4},"end":{"line":135,"column":6}},"53":{"start":{"line":137,"column":4},"end":{"line":141,"column":6}}},"fnMap":{"0":{"name":"(anonymous_0)","decl":{"start":{"line":8,"column":26},"end":{"line":8,"column":27}},"loc":{"start":{"line":8,"column":90},"end":{"line":40,"column":1}},"line":8},"1":{"name":"(anonymous_1)","decl":{"start":{"line":42,"column":30},"end":{"line":42,"column":31}},"loc":{"start":{"line":42,"column":94},"end":{"line":65,"column":1}},"line":42},"2":{"name":"(anonymous_2)","decl":{"start":{"line":67,"column":27},"end":{"line":67,"column":28}},"loc":{"start":{"line":67,"column":91},"end":{"line":99,"column":1}},"line":67},"3":{"name":"(anonymous_3)","decl":{"start":{"line":101,"column":27},"end":{"line":101,"column":28}},"loc":{"start":{"line":101,"column":91},"end":{"line":143,"column":1}},"line":101}},"branchMap":{"0":{"loc":{"start":{"line":17,"column":4},"end":{"line":19,"column":5}},"type":"if","locations":[{"start":{"line":17,"column":4},"end":{"line":19,"column":5}},{"start":{},"end":{}}],"line":17},"1":{"loc":{"start":{"line":47,"column":4},"end":{"line":49,"column":5}},"type":"if","locations":[{"start":{"line":47,"column":4},"end":{"line":49,"column":5}},{"start":{},"end":{}}],"line":47},"2":{"loc":{"start":{"line":75,"column":4},"end":{"line":77,"column":5}},"type":"if","locations":[{"start":{"line":75,"column":4},"end":{"line":77,"column":5}},{"start":{},"end":{}}],"line":75},"3":{"loc":{"start":{"line":79,"column":4},"end":{"line":81,"column":5}},"type":"if","locations":[{"start":{"line":79,"column":4},"end":{"line":81,"column":5}},{"start":{},"end":{}}],"line":79},"4":{"loc":{"start":{"line":83,"column":4},"end":{"line":85,"column":5}},"type":"if","locations":[{"start":{"line":83,"column":4},"end":{"line":85,"column":5}},{"start":{},"end":{}}],"line":83},"5":{"loc":{"start":{"line":108,"column":4},"end":{"line":110,"column":5}},"type":"if","locations":[{"start":{"line":108,"column":4},"end":{"line":110,"column":5}},{"start":{},"end":{}}],"line":108},"6":{"loc":{"start":{"line":112,"column":4},"end":{"line":114,"column":5}},"type":"if","locations":[{"start":{"line":112,"column":4},"end":{"line":114,"column":5}},{"start":{},"end":{}}],"line":112},"7":{"loc":{"start":{"line":116,"column":4},"end":{"line":118,"column":5}},"type":"if","locations":[{"start":{"line":116,"column":4},"end":{"line":118,"column":5}},{"start":{},"end":{}}],"line":116},"8":{"loc":{"start":{"line":123,"column":4},"end":{"line":125,"column":5}},"type":"if","locations":[{"start":{"line":123,"column":4},"end":{"line":125,"column":5}},{"start":{},"end":{}}],"line":123}},"s":{"0":3,"1":2,"2":2,"3":2,"4":2,"5":2,"6":2,"7":1,"8":1,"9":1,"10":1,"11":1,"12":3,"13":2,"14":2,"15":2,"16":2,"17":1,"18":1,"19":1,"20":1,"21":3,"22":3,"23":3,"24":3,"25":3,"26":3,"27":3,"28":1,"29":2,"30":1,"31":1,"32":0,"33":1,"34":2,"35":3,"36":1,"37":1,"38":1,"39":1,"40":1,"41":1,"42":0,"43":1,"44":0,"45":1,"46":0,"47":1,"48":1,"49":1,"50":0,"51":1,"52":1,"53":0},"f":{"0":2,"1":2,"2":3,"3":1},"b":{"0":[1,1],"1":[1,1],"2":[1,2],"3":[1,1],"4":[0,1],"5":[0,1],"6":[0,1],"7":[0,1],"8":[0,1]},"_coverageSchema":"1a1c01bbd47fc00a2c39e90264f33305004495a9","hash":"41f7313d21b6571c53c960214cfcf915ba0a9111"}
,"D:\\Make-It-Real\\Assetsment-backend\\src\\controllers\\user.controller.ts": {"path":"D:\\Make-It-Real\\Assetsment-backend\\src\\controllers\\user.controller.ts","statementMap":{"0":{"start":{"line":10,"column":28},"end":{"line":42,"column":1}},"1":{"start":{"line":11,"column":2},"end":{"line":41,"column":3}},"2":{"start":{"line":12,"column":20},"end":{"line":12,"column":50}},"3":{"start":{"line":15,"column":26},"end":{"line":15,"column":39}},"4":{"start":{"line":16,"column":42},"end":{"line":16,"column":71}},"5":{"start":{"line":18,"column":4},"end":{"line":20,"column":5}},"6":{"start":{"line":19,"column":6},"end":{"line":19,"column":49}},"7":{"start":{"line":23,"column":28},"end":{"line":23,"column":66}},"8":{"start":{"line":24,"column":28},"end":{"line":24,"column":88}},"9":{"start":{"line":27,"column":18},"end":{"line":27,"column":45}},"10":{"start":{"line":29,"column":4},"end":{"line":34,"column":6}},"11":{"start":{"line":36,"column":4},"end":{"line":40,"column":6}},"12":{"start":{"line":44,"column":21},"end":{"line":76,"column":1}},"13":{"start":{"line":45,"column":30},"end":{"line":45,"column":38}},"14":{"start":{"line":47,"column":2},"end":{"line":75,"column":3}},"15":{"start":{"line":49,"column":41},"end":{"line":49,"column":70}},"16":{"start":{"line":50,"column":4},"end":{"line":52,"column":5}},"17":{"start":{"line":51,"column":6},"end":{"line":51,"column":49}},"18":{"start":{"line":55,"column":26},"end":{"line":55,"column":75}},"19":{"start":{"line":56,"column":4},"end":{"line":58,"column":5}},"20":{"start":{"line":57,"column":6},"end":{"line":57,"column":50}},"21":{"start":{"line":61,"column":18},"end":{"line":61,"column":51}},"22":{"start":{"line":63,"column":4},"end":{"line":68,"column":6}},"23":{"start":{"line":70,"column":4},"end":{"line":74,"column":6}},"24":{"start":{"line":78,"column":25},"end":{"line":94,"column":1}},"25":{"start":{"line":79,"column":2},"end":{"line":93,"column":3}},"26":{"start":{"line":80,"column":31},"end":{"line":81,"column":24}},"27":{"start":{"line":82,"column":4},"end":{"line":86,"column":6}},"28":{"start":{"line":88,"column":4},"end":{"line":92,"column":6}},"29":{"start":{"line":96,"column":23},"end":{"line":120,"column":1}},"30":{"start":{"line":97,"column":17},"end":{"line":97,"column":27}},"31":{"start":{"line":98,"column":23},"end":{"line":98,"column":26}},"32":{"start":{"line":100,"column":2},"end":{"line":119,"column":3}},"33":{"start":{"line":101,"column":35},"end":{"line":103,"column":40}},"34":{"start":{"line":104,"column":4},"end":{"line":106,"column":5}},"35":{"start":{"line":105,"column":6},"end":{"line":105,"column":48}},"36":{"start":{"line":108,"column":4},"end":{"line":112,"column":6}},"37":{"start":{"line":114,"column":4},"end":{"line":118,"column":6}},"38":{"start":{"line":122,"column":27},"end":{"line":155,"column":1}},"39":{"start":{"line":123,"column":17},"end":{"line":123,"column":27}},"40":{"start":{"line":124,"column":23},"end":{"line":124,"column":26}},"41":{"start":{"line":126,"column":2},"end":{"line":154,"column":3}},"42":{"start":{"line":127,"column":35},"end":{"line":127,"column":58}},"43":{"start":{"line":128,"column":4},"end":{"line":130,"column":5}},"44":{"start":{"line":129,"column":6},"end":{"line":129,"column":53}},"45":{"start":{"line":132,"column":4},"end":{"line":132,"column":41}},"46":{"start":{"line":134,"column":43},"end":{"line":134,"column":79}},"47":{"start":{"line":135,"column":4},"end":{"line":137,"column":5}},"48":{"start":{"line":136,"column":6},"end":{"line":136,"column":48}},"49":{"start":{"line":139,"column":43},"end":{"line":139,"column":79}},"50":{"start":{"line":140,"column":4},"end":{"line":142,"column":5}},"51":{"start":{"line":141,"column":6},"end":{"line":141,"column":48}},"52":{"start":{"line":144,"column":4},"end":{"line":147,"column":6}},"53":{"start":{"line":149,"column":4},"end":{"line":153,"column":6}}},"fnMap":{"0":{"name":"(anonymous_0)","decl":{"start":{"line":10,"column":28},"end":{"line":10,"column":29}},"loc":{"start":{"line":10,"column":82},"end":{"line":42,"column":1}},"line":10},"1":{"name":"(anonymous_1)","decl":{"start":{"line":44,"column":21},"end":{"line":44,"column":22}},"loc":{"start":{"line":44,"column":75},"end":{"line":76,"column":1}},"line":44},"2":{"name":"(anonymous_2)","decl":{"start":{"line":78,"column":25},"end":{"line":78,"column":26}},"loc":{"start":{"line":78,"column":80},"end":{"line":94,"column":1}},"line":78},"3":{"name":"(anonymous_3)","decl":{"start":{"line":96,"column":23},"end":{"line":96,"column":24}},"loc":{"start":{"line":96,"column":87},"end":{"line":120,"column":1}},"line":96},"4":{"name":"(anonymous_4)","decl":{"start":{"line":122,"column":27},"end":{"line":122,"column":28}},"loc":{"start":{"line":122,"column":91},"end":{"line":155,"column":1}},"line":122}},"branchMap":{"0":{"loc":{"start":{"line":18,"column":4},"end":{"line":20,"column":5}},"type":"if","locations":[{"start":{"line":18,"column":4},"end":{"line":20,"column":5}},{"start":{},"end":{}}],"line":18},"1":{"loc":{"start":{"line":50,"column":4},"end":{"line":52,"column":5}},"type":"if","locations":[{"start":{"line":50,"column":4},"end":{"line":52,"column":5}},{"start":{},"end":{}}],"line":50},"2":{"loc":{"start":{"line":56,"column":4},"end":{"line":58,"column":5}},"type":"if","locations":[{"start":{"line":56,"column":4},"end":{"line":58,"column":5}},{"start":{},"end":{}}],"line":56},"3":{"loc":{"start":{"line":104,"column":4},"end":{"line":106,"column":5}},"type":"if","locations":[{"start":{"line":104,"column":4},"end":{"line":106,"column":5}},{"start":{},"end":{}}],"line":104},"4":{"loc":{"start":{"line":104,"column":8},"end":{"line":104,"column":32}},"type":"binary-expr","locations":[{"start":{"line":104,"column":8},"end":{"line":104,"column":13}},{"start":{"line":104,"column":17},"end":{"line":104,"column":32}}],"line":104},"5":{"loc":{"start":{"line":128,"column":4},"end":{"line":130,"column":5}},"type":"if","locations":[{"start":{"line":128,"column":4},"end":{"line":130,"column":5}},{"start":{},"end":{}}],"line":128},"6":{"loc":{"start":{"line":128,"column":8},"end":{"line":128,"column":32}},"type":"binary-expr","locations":[{"start":{"line":128,"column":8},"end":{"line":128,"column":13}},{"start":{"line":128,"column":17},"end":{"line":128,"column":32}}],"line":128},"7":{"loc":{"start":{"line":135,"column":4},"end":{"line":137,"column":5}},"type":"if","locations":[{"start":{"line":135,"column":4},"end":{"line":137,"column":5}},{"start":{},"end":{}}],"line":135},"8":{"loc":{"start":{"line":140,"column":4},"end":{"line":142,"column":5}},"type":"if","locations":[{"start":{"line":140,"column":4},"end":{"line":142,"column":5}},{"start":{},"end":{}}],"line":140}},"s":{"0":3,"1":6,"2":6,"3":5,"4":5,"5":5,"6":2,"7":3,"8":3,"9":3,"10":3,"11":3,"12":3,"13":3,"14":3,"15":3,"16":3,"17":1,"18":2,"19":2,"20":1,"21":1,"22":1,"23":2,"24":3,"25":1,"26":1,"27":1,"28":0,"29":3,"30":2,"31":2,"32":2,"33":2,"34":2,"35":1,"36":1,"37":1,"38":3,"39":1,"40":1,"41":1,"42":1,"43":1,"44":0,"45":1,"46":1,"47":1,"48":0,"49":1,"50":1,"51":0,"52":1,"53":0},"f":{"0":6,"1":3,"2":1,"3":2,"4":1},"b":{"0":[2,3],"1":[1,2],"2":[1,1],"3":[1,1],"4":[2,2],"5":[0,1],"6":[1,1],"7":[0,1],"8":[0,1]},"_coverageSchema":"1a1c01bbd47fc00a2c39e90264f33305004495a9","hash":"6e1dd83e79b1d4d54de180ff7a57584c0c4d6886"}
,"D:\\Make-It-Real\\Assetsment-backend\\src\\middlewares\\validate-jwt.ts": {"path":"D:\\Make-It-Real\\Assetsment-backend\\src\\middlewares\\validate-jwt.ts","statementMap":{"0":{"start":{"line":8,"column":27},"end":{"line":29,"column":1}},"1":{"start":{"line":9,"column":36},"end":{"line":9,"column":57}},"2":{"start":{"line":11,"column":2},"end":{"line":16,"column":3}},"3":{"start":{"line":12,"column":4},"end":{"line":15,"column":6}},"4":{"start":{"line":18,"column":2},"end":{"line":26,"column":3}},"5":{"start":{"line":19,"column":24},"end":{"line":19,"column":69}},"6":{"start":{"line":20,"column":4},"end":{"line":20,"column":16}},"7":{"start":{"line":22,"column":4},"end":{"line":25,"column":6}},"8":{"start":{"line":28,"column":2},"end":{"line":28,"column":8}}},"fnMap":{"0":{"name":"(anonymous_0)","decl":{"start":{"line":8,"column":27},"end":{"line":8,"column":28}},"loc":{"start":{"line":8,"column":95},"end":{"line":29,"column":1}},"line":8}},"branchMap":{"0":{"loc":{"start":{"line":11,"column":2},"end":{"line":16,"column":3}},"type":"if","locations":[{"start":{"line":11,"column":2},"end":{"line":16,"column":3}},{"start":{},"end":{}}],"line":11}},"s":{"0":3,"1":18,"2":18,"3":0,"4":18,"5":18,"6":18,"7":0,"8":18},"f":{"0":18},"b":{"0":[0,18]},"_coverageSchema":"1a1c01bbd47fc00a2c39e90264f33305004495a9","hash":"08cc3a7132fbaea59afdf914d9f3ede567296d5a"}
,"D:\\Make-It-Real\\Assetsment-backend\\src\\middlewares\\validateFields.ts": {"path":"D:\\Make-It-Real\\Assetsment-backend\\src\\middlewares\\validateFields.ts","statementMap":{"0":{"start":{"line":3,"column":19},"end":{"line":8,"column":1}},"1":{"start":{"line":4,"column":2},"end":{"line":6,"column":3}},"2":{"start":{"line":5,"column":4},"end":{"line":5,"column":52}},"3":{"start":{"line":7,"column":2},"end":{"line":7,"column":25}},"4":{"start":{"line":10,"column":22},"end":{"line":15,"column":1}},"5":{"start":{"line":11,"column":2},"end":{"line":13,"column":3}},"6":{"start":{"line":12,"column":4},"end":{"line":12,"column":55}},"7":{"start":{"line":14,"column":2},"end":{"line":14,"column":28}},"8":{"start":{"line":17,"column":20},"end":{"line":22,"column":1}},"9":{"start":{"line":18,"column":2},"end":{"line":20,"column":3}},"10":{"start":{"line":19,"column":4},"end":{"line":19,"column":53}},"11":{"start":{"line":21,"column":2},"end":{"line":21,"column":26}},"12":{"start":{"line":24,"column":20},"end":{"line":29,"column":1}},"13":{"start":{"line":25,"column":2},"end":{"line":27,"column":3}},"14":{"start":{"line":26,"column":4},"end":{"line":26,"column":53}},"15":{"start":{"line":28,"column":2},"end":{"line":28,"column":26}},"16":{"start":{"line":31,"column":17},"end":{"line":33,"column":1}},"17":{"start":{"line":32,"column":2},"end":{"line":32,"column":37}},"18":{"start":{"line":35,"column":19},"end":{"line":38,"column":1}},"19":{"start":{"line":36,"column":25},"end":{"line":36,"column":92}},"20":{"start":{"line":37,"column":2},"end":{"line":37,"column":38}},"21":{"start":{"line":40,"column":16},"end":{"line":43,"column":1}},"22":{"start":{"line":41,"column":22},"end":{"line":41,"column":67}},"23":{"start":{"line":42,"column":2},"end":{"line":42,"column":32}},"24":{"start":{"line":45,"column":30},"end":{"line":51,"column":1}},"25":{"start":{"line":46,"column":32},"end":{"line":49,"column":3}},"26":{"start":{"line":50,"column":2},"end":{"line":50,"column":16}},"27":{"start":{"line":53,"column":30},"end":{"line":59,"column":1}},"28":{"start":{"line":54,"column":32},"end":{"line":57,"column":3}},"29":{"start":{"line":58,"column":2},"end":{"line":58,"column":16}},"30":{"start":{"line":61,"column":29},"end":{"line":70,"column":1}},"31":{"start":{"line":62,"column":31},"end":{"line":68,"column":3}},"32":{"start":{"line":69,"column":2},"end":{"line":69,"column":15}}},"fnMap":{"0":{"name":"(anonymous_0)","decl":{"start":{"line":3,"column":19},"end":{"line":3,"column":20}},"loc":{"start":{"line":3,"column":54},"end":{"line":8,"column":1}},"line":3},"1":{"name":"(anonymous_1)","decl":{"start":{"line":10,"column":22},"end":{"line":10,"column":23}},"loc":{"start":{"line":10,"column":60},"end":{"line":15,"column":1}},"line":10},"2":{"name":"(anonymous_2)","decl":{"start":{"line":17,"column":20},"end":{"line":17,"column":21}},"loc":{"start":{"line":17,"column":56},"end":{"line":22,"column":1}},"line":17},"3":{"name":"(anonymous_3)","decl":{"start":{"line":24,"column":20},"end":{"line":24,"column":21}},"loc":{"start":{"line":24,"column":56},"end":{"line":29,"column":1}},"line":24},"4":{"name":"(anonymous_4)","decl":{"start":{"line":31,"column":17},"end":{"line":31,"column":18}},"loc":{"start":{"line":31,"column":43},"end":{"line":33,"column":1}},"line":31},"5":{"name":"(anonymous_5)","decl":{"start":{"line":35,"column":19},"end":{"line":35,"column":20}},"loc":{"start":{"line":35,"column":47},"end":{"line":38,"column":1}},"line":35},"6":{"name":"(anonymous_6)","decl":{"start":{"line":40,"column":16},"end":{"line":40,"column":17}},"loc":{"start":{"line":40,"column":44},"end":{"line":43,"column":1}},"line":40},"7":{"name":"(anonymous_7)","decl":{"start":{"line":45,"column":30},"end":{"line":45,"column":31}},"loc":{"start":{"line":45,"column":61},"end":{"line":51,"column":1}},"line":45},"8":{"name":"(anonymous_8)","decl":{"start":{"line":53,"column":30},"end":{"line":53,"column":31}},"loc":{"start":{"line":53,"column":61},"end":{"line":59,"column":1}},"line":53},"9":{"name":"(anonymous_9)","decl":{"start":{"line":61,"column":29},"end":{"line":61,"column":30}},"loc":{"start":{"line":61,"column":60},"end":{"line":70,"column":1}},"line":61}},"branchMap":{"0":{"loc":{"start":{"line":4,"column":2},"end":{"line":6,"column":3}},"type":"if","locations":[{"start":{"line":4,"column":2},"end":{"line":6,"column":3}},{"start":{},"end":{}}],"line":4},"1":{"loc":{"start":{"line":4,"column":6},"end":{"line":4,"column":63}},"type":"binary-expr","locations":[{"start":{"line":4,"column":6},"end":{"line":4,"column":33}},{"start":{"line":4,"column":37},"end":{"line":4,"column":63}}],"line":4},"2":{"loc":{"start":{"line":11,"column":2},"end":{"line":13,"column":3}},"type":"if","locations":[{"start":{"line":11,"column":2},"end":{"line":13,"column":3}},{"start":{},"end":{}}],"line":11},"3":{"loc":{"start":{"line":11,"column":6},"end":{"line":11,"column":72}},"type":"binary-expr","locations":[{"start":{"line":11,"column":6},"end":{"line":11,"column":36}},{"start":{"line":11,"column":40},"end":{"line":11,"column":72}}],"line":11},"4":{"loc":{"start":{"line":18,"column":2},"end":{"line":20,"column":3}},"type":"if","locations":[{"start":{"line":18,"column":2},"end":{"line":20,"column":3}},{"start":{},"end":{}}],"line":18},"5":{"loc":{"start":{"line":25,"column":2},"end":{"line":27,"column":3}},"type":"if","locations":[{"start":{"line":25,"column":2},"end":{"line":27,"column":3}},{"start":{},"end":{}}],"line":25}},"s":{"0":3,"1":6,"2":1,"3":5,"4":3,"5":5,"6":0,"7":5,"8":3,"9":8,"10":0,"11":8,"12":3,"13":11,"14":0,"15":11,"16":3,"17":30,"18":3,"19":5,"20":5,"21":3,"22":5,"23":5,"24":3,"25":6,"26":5,"27":3,"28":2,"29":2,"30":3,"31":3,"32":3},"f":{"0":6,"1":5,"2":8,"3":11,"4":30,"5":5,"6":5,"7":6,"8":2,"9":3},"b":{"0":[1,5],"1":[6,5],"2":[0,5],"3":[5,5],"4":[0,8],"5":[0,11]},"_coverageSchema":"1a1c01bbd47fc00a2c39e90264f33305004495a9","hash":"8865844f6228263816d600387d75173ccc883cff"}
,"D:\\Make-It-Real\\Assetsment-backend\\src\\models\\favs.model.ts": {"path":"D:\\Make-It-Real\\Assetsment-backend\\src\\models\\favs.model.ts","statementMap":{"0":{"start":{"line":14,"column":19},"end":{"line":26,"column":2}},"1":{"start":{"line":28,"column":0},"end":{"line":34,"column":2}},"2":{"start":{"line":30,"column":4},"end":{"line":30,"column":53}},"3":{"start":{"line":31,"column":4},"end":{"line":31,"column":29}},"4":{"start":{"line":32,"column":4},"end":{"line":32,"column":29}}},"fnMap":{"0":{"name":"(anonymous_0)","decl":{"start":{"line":29,"column":13},"end":{"line":29,"column":14}},"loc":{"start":{"line":29,"column":44},"end":{"line":33,"column":3}},"line":29}},"branchMap":{},"s":{"0":3,"1":3,"2":1,"3":1,"4":1},"f":{"0":1},"b":{},"_coverageSchema":"1a1c01bbd47fc00a2c39e90264f33305004495a9","hash":"ec77ed07775d6f0c3b97ec3efe381d75e0c618ea"}
,"D:\\Make-It-Real\\Assetsment-backend\\src\\models\\list.model.ts": {"path":"D:\\Make-It-Real\\Assetsment-backend\\src\\models\\list.model.ts","statementMap":{"0":{"start":{"line":13,"column":19},"end":{"line":24,"column":2}},"1":{"start":{"line":26,"column":0},"end":{"line":32,"column":2}},"2":{"start":{"line":28,"column":4},"end":{"line":28,"column":53}},"3":{"start":{"line":29,"column":4},"end":{"line":29,"column":29}},"4":{"start":{"line":30,"column":4},"end":{"line":30,"column":29}}},"fnMap":{"0":{"name":"(anonymous_0)","decl":{"start":{"line":27,"column":13},"end":{"line":27,"column":14}},"loc":{"start":{"line":27,"column":44},"end":{"line":31,"column":3}},"line":27}},"branchMap":{},"s":{"0":3,"1":3,"2":3,"3":3,"4":3},"f":{"0":3},"b":{},"_coverageSchema":"1a1c01bbd47fc00a2c39e90264f33305004495a9","hash":"64a8454addc7e59a1070402401580b6e70146f89"}
,"D:\\Make-It-Real\\Assetsment-backend\\src\\models\\user.model.ts": {"path":"D:\\Make-It-Real\\Assetsment-backend\\src\\models\\user.model.ts","statementMap":{"0":{"start":{"line":13,"column":19},"end":{"line":20,"column":2}},"1":{"start":{"line":22,"column":0},"end":{"line":28,"column":2}},"2":{"start":{"line":24,"column":4},"end":{"line":24,"column":53}},"3":{"start":{"line":25,"column":4},"end":{"line":25,"column":29}},"4":{"start":{"line":26,"column":4},"end":{"line":26,"column":29}}},"fnMap":{"0":{"name":"(anonymous_0)","decl":{"start":{"line":23,"column":13},"end":{"line":23,"column":14}},"loc":{"start":{"line":23,"column":44},"end":{"line":27,"column":3}},"line":23}},"branchMap":{},"s":{"0":3,"1":3,"2":6,"3":6,"4":6},"f":{"0":6},"b":{},"_coverageSchema":"1a1c01bbd47fc00a2c39e90264f33305004495a9","hash":"4913096fcd850962ec9560d58779d0ed3e08a302"}
,"D:\\Make-It-Real\\Assetsment-backend\\src\\routes\\auth.ts": {"path":"D:\\Make-It-Real\\Assetsment-backend\\src\\routes\\auth.ts","statementMap":{"0":{"start":{"line":4,"column":15},"end":{"line":4,"column":23}},"1":{"start":{"line":6,"column":0},"end":{"line":6,"column":44}},"2":{"start":{"line":7,"column":0},"end":{"line":7,"column":34}},"3":{"start":{"line":8,"column":0},"end":{"line":8,"column":32}},"4":{"start":{"line":9,"column":0},"end":{"line":9,"column":46}},"5":{"start":{"line":10,"column":0},"end":{"line":10,"column":53}}},"fnMap":{},"branchMap":{},"s":{"0":3,"1":3,"2":3,"3":3,"4":3,"5":3},"f":{},"b":{},"_coverageSchema":"1a1c01bbd47fc00a2c39e90264f33305004495a9","hash":"6e39b39b0a2c6aea395c823fc1f266c5fa88a476"}
,"D:\\Make-It-Real\\Assetsment-backend\\src\\routes\\favs.ts": {"path":"D:\\Make-It-Real\\Assetsment-backend\\src\\routes\\favs.ts","statementMap":{"0":{"start":{"line":4,"column":15},"end":{"line":4,"column":23}},"1":{"start":{"line":6,"column":0},"end":{"line":6,"column":51}},"2":{"start":{"line":7,"column":0},"end":{"line":7,"column":57}},"3":{"start":{"line":8,"column":0},"end":{"line":8,"column":57}},"4":{"start":{"line":9,"column":0},"end":{"line":9,"column":64}}},"fnMap":{},"branchMap":{},"s":{"0":3,"1":3,"2":3,"3":3,"4":3},"f":{},"b":{},"_coverageSchema":"1a1c01bbd47fc00a2c39e90264f33305004495a9","hash":"58cd98bc79fdbfb96169c338add6f2931b06dc7d"}
,"D:\\Make-It-Real\\Assetsment-backend\\src\\routes\\list.ts": {"path":"D:\\Make-It-Real\\Assetsment-backend\\src\\routes\\list.ts","statementMap":{"0":{"start":{"line":4,"column":15},"end":{"line":4,"column":23}},"1":{"start":{"line":6,"column":0},"end":{"line":6,"column":47}},"2":{"start":{"line":7,"column":0},"end":{"line":7,"column":50}},"3":{"start":{"line":8,"column":0},"end":{"line":8,"column":50}},"4":{"start":{"line":9,"column":0},"end":{"line":9,"column":60}}},"fnMap":{},"branchMap":{},"s":{"0":3,"1":3,"2":3,"3":3,"4":3},"f":{},"b":{},"_coverageSchema":"1a1c01bbd47fc00a2c39e90264f33305004495a9","hash":"55306b329423ef61a579fbf37765ab6789d4f05d"}
,"D:\\Make-It-Real\\Assetsment-backend\\src\\utils\\jwt.ts": {"path":"D:\\Make-It-Real\\Assetsment-backend\\src\\utils\\jwt.ts","statementMap":{"0":{"start":{"line":3,"column":28},"end":{"line":23,"column":1}},"1":{"start":{"line":4,"column":2},"end":{"line":22,"column":4}},"2":{"start":{"line":5,"column":20},"end":{"line":5,"column":26}},"3":{"start":{"line":7,"column":4},"end":{"line":21,"column":5}},"4":{"start":{"line":14,"column":8},"end":{"line":19,"column":9}},"5":{"start":{"line":15,"column":10},"end":{"line":15,"column":26}},"6":{"start":{"line":16,"column":10},"end":{"line":16,"column":53}},"7":{"start":{"line":18,"column":10},"end":{"line":18,"column":24}}},"fnMap":{"0":{"name":"(anonymous_0)","decl":{"start":{"line":3,"column":28},"end":{"line":3,"column":29}},"loc":{"start":{"line":3,"column":64},"end":{"line":23,"column":1}},"line":3},"1":{"name":"(anonymous_1)","decl":{"start":{"line":4,"column":27},"end":{"line":4,"column":28}},"loc":{"start":{"line":4,"column":48},"end":{"line":22,"column":3}},"line":4},"2":{"name":"(anonymous_2)","decl":{"start":{"line":13,"column":6},"end":{"line":13,"column":7}},"loc":{"start":{"line":13,"column":36},"end":{"line":20,"column":7}},"line":13}},"branchMap":{"0":{"loc":{"start":{"line":14,"column":8},"end":{"line":19,"column":9}},"type":"if","locations":[{"start":{"line":14,"column":8},"end":{"line":19,"column":9}},{"start":{"line":17,"column":15},"end":{"line":19,"column":9}}],"line":14}},"s":{"0":3,"1":4,"2":4,"3":4,"4":4,"5":0,"6":0,"7":4},"f":{"0":4,"1":4,"2":4},"b":{"0":[0,4]},"_coverageSchema":"1a1c01bbd47fc00a2c39e90264f33305004495a9","hash":"f3918b9bd7cae98bfae5ee4cbbb5f404d0b4ad54"}
}
