TN:
SF:src\app.ts
FNF:0
FNH:0
DA:8,3
DA:9,3
DA:10,3
DA:11,3
DA:13,3
DA:14,3
DA:15,3
LF:7
LH:7
BRF:0
BRH:0
end_of_record
TN:
SF:src\db.ts
FN:5,connectDb
FN:11,(anonymous_1)
FN:14,(anonymous_2)
FN:15,(anonymous_3)
FN:20,disconnected
FN:25,cleanup
FNF:6
FNH:5
FNDA:3,connectDb
FNDA:3,(anonymous_1)
FNDA:3,(anonymous_2)
FNDA:0,(anonymous_3)
FNDA:3,disconnected
FNDA:25,cleanup
DA:6,3
DA:7,3
DA:9,3
DA:11,3
DA:12,3
DA:14,3
DA:15,3
DA:17,3
DA:21,3
DA:22,3
DA:26,25
DA:27,25
DA:28,75
LF:13
LH:13
BRDA:6,0,0,0
BRDA:6,0,1,3
BRDA:7,1,0,3
BRDA:7,1,1,0
BRDA:21,2,0,0
BRDA:21,2,1,3
BRDA:26,3,0,0
BRDA:26,3,1,25
BRF:8
BRH:4
end_of_record
TN:
SF:src\controllers\favs.controller.ts
FN:8,(anonymous_0)
FN:47,(anonymous_1)
FN:79,(anonymous_2)
FN:118,(anonymous_3)
FNF:4
FNH:3
FNDA:3,(anonymous_0)
FNDA:3,(anonymous_1)
FNDA:1,(anonymous_2)
FNDA:0,(anonymous_3)
DA:8,3
DA:9,3
DA:10,3
DA:11,3
DA:12,3
DA:15,3
DA:16,3
DA:17,1
DA:21,2
DA:22,2
DA:23,1
DA:27,1
DA:29,1
DA:33,1
DA:39,2
DA:47,3
DA:48,3
DA:49,3
DA:50,3
DA:52,3
DA:53,3
DA:54,1
DA:57,2
DA:60,2
DA:61,1
DA:64,1
DA:65,1
DA:71,2
DA:79,3
DA:80,1
DA:81,1
DA:82,1
DA:83,1
DA:85,1
DA:86,1
DA:87,0
DA:90,1
DA:91,1
DA:92,1
DA:95,0
DA:96,0
DA:97,0
DA:100,0
DA:101,0
DA:104,0
DA:110,1
DA:118,3
DA:119,0
DA:120,0
DA:121,0
DA:122,0
DA:124,0
DA:125,0
DA:126,0
DA:129,0
DA:130,0
DA:131,0
DA:134,0
DA:135,0
DA:136,0
DA:139,0
DA:140,0
DA:144,0
DA:150,0
LF:64
LH:40
BRDA:16,0,0,1
BRDA:16,0,1,2
BRDA:22,1,0,1
BRDA:22,1,1,1
BRDA:53,2,0,1
BRDA:53,2,1,2
BRDA:60,3,0,1
BRDA:60,3,1,1
BRDA:86,4,0,0
BRDA:86,4,1,1
BRDA:91,5,0,1
BRDA:91,5,1,0
BRDA:96,6,0,0
BRDA:96,6,1,0
BRDA:100,7,0,0
BRDA:100,7,1,0
BRDA:125,8,0,0
BRDA:125,8,1,0
BRDA:130,9,0,0
BRDA:130,9,1,0
BRDA:135,10,0,0
BRDA:135,10,1,0
BRF:22
BRH:10
end_of_record
TN:
SF:src\controllers\list.controller.ts
FN:8,(anonymous_0)
FN:42,(anonymous_1)
FN:67,(anonymous_2)
FN:101,(anonymous_3)
FNF:4
FNH:4
FNDA:2,(anonymous_0)
FNDA:2,(anonymous_1)
FNDA:3,(anonymous_2)
FNDA:1,(anonymous_3)
DA:8,3
DA:9,2
DA:10,2
DA:11,2
DA:12,2
DA:15,2
DA:17,2
DA:18,1
DA:22,1
DA:24,1
DA:28,1
DA:34,1
DA:42,3
DA:43,2
DA:44,2
DA:45,2
DA:47,2
DA:48,1
DA:51,1
DA:53,1
DA:59,1
DA:67,3
DA:68,3
DA:69,3
DA:70,3
DA:71,3
DA:73,3
DA:75,3
DA:76,1
DA:79,2
DA:80,1
DA:83,1
DA:84,0
DA:87,1
DA:93,2
DA:101,3
DA:102,1
DA:103,1
DA:104,1
DA:105,1
DA:106,1
DA:108,1
DA:109,0
DA:112,1
DA:113,0
DA:116,1
DA:117,0
DA:120,1
DA:121,1
DA:123,1
DA:124,0
DA:127,1
DA:131,1
DA:137,0
LF:54
LH:48
BRDA:17,0,0,1
BRDA:17,0,1,1
BRDA:47,1,0,1
BRDA:47,1,1,1
BRDA:75,2,0,1
BRDA:75,2,1,2
BRDA:79,3,0,1
BRDA:79,3,1,1
BRDA:83,4,0,0
BRDA:83,4,1,1
BRDA:108,5,0,0
BRDA:108,5,1,1
BRDA:112,6,0,0
BRDA:112,6,1,1
BRDA:116,7,0,0
BRDA:116,7,1,1
BRDA:123,8,0,0
BRDA:123,8,1,1
BRF:18
BRH:13
end_of_record
TN:
SF:src\controllers\user.controller.ts
FN:10,(anonymous_0)
FN:44,(anonymous_1)
FN:78,(anonymous_2)
FN:96,(anonymous_3)
FN:122,(anonymous_4)
FNF:5
FNH:5
FNDA:6,(anonymous_0)
FNDA:3,(anonymous_1)
FNDA:1,(anonymous_2)
FNDA:2,(anonymous_3)
FNDA:1,(anonymous_4)
DA:10,3
DA:11,6
DA:12,6
DA:15,5
DA:16,5
DA:18,5
DA:19,2
DA:23,3
DA:24,3
DA:27,3
DA:29,3
DA:36,3
DA:44,3
DA:45,3
DA:47,3
DA:49,3
DA:50,3
DA:51,1
DA:55,2
DA:56,2
DA:57,1
DA:61,1
DA:63,1
DA:70,2
DA:78,3
DA:79,1
DA:80,1
DA:82,1
DA:88,0
DA:96,3
DA:97,2
DA:98,2
DA:100,2
DA:101,2
DA:104,2
DA:105,1
DA:108,1
DA:114,1
DA:122,3
DA:123,1
DA:124,1
DA:126,1
DA:127,1
DA:128,1
DA:129,0
DA:132,1
DA:134,1
DA:135,1
DA:136,0
DA:139,1
DA:140,1
DA:141,0
DA:144,1
DA:149,0
LF:54
LH:49
BRDA:18,0,0,2
BRDA:18,0,1,3
BRDA:50,1,0,1
BRDA:50,1,1,2
BRDA:56,2,0,1
BRDA:56,2,1,1
BRDA:104,3,0,1
BRDA:104,3,1,1
BRDA:104,4,0,2
BRDA:104,4,1,2
BRDA:128,5,0,0
BRDA:128,5,1,1
BRDA:128,6,0,1
BRDA:128,6,1,1
BRDA:135,7,0,0
BRDA:135,7,1,1
BRDA:140,8,0,0
BRDA:140,8,1,1
BRF:18
BRH:15
end_of_record
TN:
SF:src\middlewares\validate-jwt.ts
FN:8,(anonymous_0)
FNF:1
FNH:1
FNDA:18,(anonymous_0)
DA:8,3
DA:9,18
DA:11,18
DA:12,0
DA:18,18
DA:19,18
DA:20,18
DA:22,0
DA:28,18
LF:9
LH:7
BRDA:11,0,0,0
BRDA:11,0,1,18
BRF:2
BRH:1
end_of_record
TN:
SF:src\middlewares\validateFields.ts
FN:3,(anonymous_0)
FN:10,(anonymous_1)
FN:17,(anonymous_2)
FN:24,(anonymous_3)
FN:31,(anonymous_4)
FN:35,(anonymous_5)
FN:40,(anonymous_6)
FN:45,(anonymous_7)
FN:53,(anonymous_8)
FN:61,(anonymous_9)
FNF:10
FNH:10
FNDA:6,(anonymous_0)
FNDA:5,(anonymous_1)
FNDA:8,(anonymous_2)
FNDA:11,(anonymous_3)
FNDA:30,(anonymous_4)
FNDA:5,(anonymous_5)
FNDA:5,(anonymous_6)
FNDA:6,(anonymous_7)
FNDA:2,(anonymous_8)
FNDA:3,(anonymous_9)
DA:3,3
DA:4,6
DA:5,1
DA:7,5
DA:10,3
DA:11,5
DA:12,0
DA:14,5
DA:17,3
DA:18,8
DA:19,0
DA:21,8
DA:24,3
DA:25,11
DA:26,0
DA:28,11
DA:31,3
DA:32,30
DA:35,3
DA:36,5
DA:37,5
DA:40,3
DA:41,5
DA:42,5
DA:45,3
DA:46,6
DA:50,5
DA:53,3
DA:54,2
DA:58,2
DA:61,3
DA:62,3
DA:69,3
LF:33
LH:30
BRDA:4,0,0,1
BRDA:4,0,1,5
BRDA:4,1,0,6
BRDA:4,1,1,5
BRDA:11,2,0,0
BRDA:11,2,1,5
BRDA:11,3,0,5
BRDA:11,3,1,5
BRDA:18,4,0,0
BRDA:18,4,1,8
BRDA:25,5,0,0
BRDA:25,5,1,11
BRF:12
BRH:9
end_of_record
TN:
SF:src\models\favs.model.ts
FN:29,(anonymous_0)
FNF:1
FNH:1
FNDA:1,(anonymous_0)
DA:14,3
DA:28,3
DA:30,1
DA:31,1
DA:32,1
LF:5
LH:5
BRF:0
BRH:0
end_of_record
TN:
SF:src\models\list.model.ts
FN:27,(anonymous_0)
FNF:1
FNH:1
FNDA:3,(anonymous_0)
DA:13,3
DA:26,3
DA:28,3
DA:29,3
DA:30,3
LF:5
LH:5
BRF:0
BRH:0
end_of_record
TN:
SF:src\models\user.model.ts
FN:23,(anonymous_0)
FNF:1
FNH:1
FNDA:6,(anonymous_0)
DA:13,3
DA:22,3
DA:24,6
DA:25,6
DA:26,6
LF:5
LH:5
BRF:0
BRH:0
end_of_record
TN:
SF:src\routes\auth.ts
FNF:0
FNH:0
DA:4,3
DA:6,3
DA:7,3
DA:8,3
DA:9,3
DA:10,3
LF:6
LH:6
BRF:0
BRH:0
end_of_record
TN:
SF:src\routes\favs.ts
FNF:0
FNH:0
DA:4,3
DA:6,3
DA:7,3
DA:8,3
DA:9,3
LF:5
LH:5
BRF:0
BRH:0
end_of_record
TN:
SF:src\routes\list.ts
FNF:0
FNH:0
DA:4,3
DA:6,3
DA:7,3
DA:8,3
DA:9,3
LF:5
LH:5
BRF:0
BRH:0
end_of_record
TN:
SF:src\utils\jwt.ts
FN:3,(anonymous_0)
FN:4,(anonymous_1)
FN:13,(anonymous_2)
FNF:3
FNH:3
FNDA:4,(anonymous_0)
FNDA:4,(anonymous_1)
FNDA:4,(anonymous_2)
DA:3,3
DA:4,4
DA:5,4
DA:7,4
DA:14,4
DA:15,0
DA:16,0
DA:18,4
LF:8
LH:6
BRDA:14,0,0,0
BRDA:14,0,1,4
BRF:2
BRH:1
end_of_record
